[3.017s] Invoking command in '/home/juli/teleop_ws/src/kimono': PYTHONPATH=/home/juli/teleop_ws/build/kimono/prefix_override:/usr/lib/python3/dist-packages/colcon_core/task/python/colcon_distutils_commands:/home/juli/teleop_ws/install/kimono/lib/python3.10/site-packages:${PYTHONPATH} /usr/bin/python3 -W ignore:setup.py install is deprecated -W ignore:easy_install command is deprecated setup.py egg_info --egg-base ../../build/kimono build --build-base /home/juli/teleop_ws/build/kimono/build install --record /home/juli/teleop_ws/build/kimono/install.log --single-version-externally-managed install_data
[3.229s] running egg_info
[3.229s] writing ../../build/kimono/kimono.egg-info/PKG-INFO
[3.229s] writing dependency_links to ../../build/kimono/kimono.egg-info/dependency_links.txt
[3.229s] writing entry points to ../../build/kimono/kimono.egg-info/entry_points.txt
[3.230s] writing requirements to ../../build/kimono/kimono.egg-info/requires.txt
[3.230s] writing top-level names to ../../build/kimono/kimono.egg-info/top_level.txt
[3.233s] reading manifest file '../../build/kimono/kimono.egg-info/SOURCES.txt'
[3.233s] writing manifest file '../../build/kimono/kimono.egg-info/SOURCES.txt'
[3.234s] running build
[3.234s] running build_py
[3.234s] running install
[3.235s] running install_lib
[3.235s] running install_data
[3.236s] running install_egg_info
[3.237s] removing '/home/juli/teleop_ws/install/kimono/lib/python3.10/site-packages/kimono-0.0.0-py3.10.egg-info' (and everything under it)
[3.237s] Copying ../../build/kimono/kimono.egg-info to /home/juli/teleop_ws/install/kimono/lib/python3.10/site-packages/kimono-0.0.0-py3.10.egg-info
[3.238s] running install_scripts
[3.259s] Installing gui script to /home/juli/teleop_ws/install/kimono/lib/kimono
[3.259s] Installing motor_control script to /home/juli/teleop_ws/install/kimono/lib/kimono
[3.259s] Installing xbox_control script to /home/juli/teleop_ws/install/kimono/lib/kimono
[3.260s] writing list of installed files to '/home/juli/teleop_ws/build/kimono/install.log'
[3.305s] Invoked command in '/home/juli/teleop_ws/src/kimono' returned '0': PYTHONPATH=/home/juli/teleop_ws/build/kimono/prefix_override:/usr/lib/python3/dist-packages/colcon_core/task/python/colcon_distutils_commands:/home/juli/teleop_ws/install/kimono/lib/python3.10/site-packages:${PYTHONPATH} /usr/bin/python3 -W ignore:setup.py install is deprecated -W ignore:easy_install command is deprecated setup.py egg_info --egg-base ../../build/kimono build --build-base /home/juli/teleop_ws/build/kimono/build install --record /home/juli/teleop_ws/build/kimono/install.log --single-version-externally-managed install_data
