[3.448s] Invoking command in '/home/juli/Repos/Self-Driving-RC-Car/teleop_ws/src/kimono': PYTHONPATH=/home/juli/Repos/Self-Driving-RC-Car/teleop_ws/build/kimono/prefix_override:/usr/lib/python3/dist-packages/colcon_core/task/python/colcon_distutils_commands:/home/juli/Repos/Self-Driving-RC-Car/teleop_ws/install/kimono/lib/python3.10/site-packages:${PYTHONPATH} /usr/bin/python3 -W ignore:setup.py install is deprecated -W ignore:easy_install command is deprecated setup.py egg_info --egg-base ../../build/kimono build --build-base /home/juli/Repos/Self-Driving-RC-Car/teleop_ws/build/kimono/build install --record /home/juli/Repos/Self-Driving-RC-Car/teleop_ws/build/kimono/install.log --single-version-externally-managed install_data
[3.687s] running egg_info
[3.687s] writing ../../build/kimono/kimono.egg-info/PKG-INFO
[3.688s] writing dependency_links to ../../build/kimono/kimono.egg-info/dependency_links.txt
[3.688s] writing entry points to ../../build/kimono/kimono.egg-info/entry_points.txt
[3.688s] writing requirements to ../../build/kimono/kimono.egg-info/requires.txt
[3.688s] writing top-level names to ../../build/kimono/kimono.egg-info/top_level.txt
[3.690s] reading manifest file '../../build/kimono/kimono.egg-info/SOURCES.txt'
[3.691s] writing manifest file '../../build/kimono/kimono.egg-info/SOURCES.txt'
[3.691s] running build
[3.691s] running build_py
[3.691s] running install
[3.692s] running install_lib
[3.693s] running install_data
[3.693s] running install_egg_info
[3.696s] removing '/home/juli/Repos/Self-Driving-RC-Car/teleop_ws/install/kimono/lib/python3.10/site-packages/kimono-0.0.0-py3.10.egg-info' (and everything under it)
[3.696s] Copying ../../build/kimono/kimono.egg-info to /home/juli/Repos/Self-Driving-RC-Car/teleop_ws/install/kimono/lib/python3.10/site-packages/kimono-0.0.0-py3.10.egg-info
[3.697s] running install_scripts
[3.721s] Installing gui script to /home/juli/Repos/Self-Driving-RC-Car/teleop_ws/install/kimono/lib/kimono
[3.721s] Installing motor_control script to /home/juli/Repos/Self-Driving-RC-Car/teleop_ws/install/kimono/lib/kimono
[3.722s] Installing xbox_control script to /home/juli/Repos/Self-Driving-RC-Car/teleop_ws/install/kimono/lib/kimono
[3.722s] writing list of installed files to '/home/juli/Repos/Self-Driving-RC-Car/teleop_ws/build/kimono/install.log'
[3.763s] Invoked command in '/home/juli/Repos/Self-Driving-RC-Car/teleop_ws/src/kimono' returned '0': PYTHONPATH=/home/juli/Repos/Self-Driving-RC-Car/teleop_ws/build/kimono/prefix_override:/usr/lib/python3/dist-packages/colcon_core/task/python/colcon_distutils_commands:/home/juli/Repos/Self-Driving-RC-Car/teleop_ws/install/kimono/lib/python3.10/site-packages:${PYTHONPATH} /usr/bin/python3 -W ignore:setup.py install is deprecated -W ignore:easy_install command is deprecated setup.py egg_info --egg-base ../../build/kimono build --build-base /home/juli/Repos/Self-Driving-RC-Car/teleop_ws/build/kimono/build install --record /home/juli/Repos/Self-Driving-RC-Car/teleop_ws/build/kimono/install.log --single-version-externally-managed install_data
