[3.411s] Invoking command in '/home/juli/Repos/Self-Driving-RC-Car/teleop_ws/src/ROS-TCP-Endpoint': PYTHONPATH=/home/juli/Repos/Self-Driving-RC-Car/teleop_ws/build/ros_tcp_endpoint/prefix_override:/usr/lib/python3/dist-packages/colcon_core/task/python/colcon_distutils_commands:/home/juli/Repos/Self-Driving-RC-Car/teleop_ws/install/ros_tcp_endpoint/lib/python3.10/site-packages:${PYTHONPATH} /usr/bin/python3 -W ignore:setup.py install is deprecated -W ignore:easy_install command is deprecated setup.py egg_info --egg-base ../../build/ros_tcp_endpoint build --build-base /home/juli/Repos/Self-Driving-RC-Car/teleop_ws/build/ros_tcp_endpoint/build install --record /home/juli/Repos/Self-Driving-RC-Car/teleop_ws/build/ros_tcp_endpoint/install.log --install-scripts $base/lib/ros_tcp_endpoint --single-version-externally-managed install_data
[3.640s] /usr/lib/python3/dist-packages/setuptools/dist.py:723: UserWarning: Usage of dash-separated 'script-dir' will not be supported in future versions. Please use the underscore name 'script_dir' instead
[3.640s]   warnings.warn(
[3.648s] running egg_info
[3.650s] writing ../../build/ros_tcp_endpoint/ros_tcp_endpoint.egg-info/PKG-INFO
[3.650s] writing dependency_links to ../../build/ros_tcp_endpoint/ros_tcp_endpoint.egg-info/dependency_links.txt
[3.650s] writing entry points to ../../build/ros_tcp_endpoint/ros_tcp_endpoint.egg-info/entry_points.txt
[3.650s] writing requirements to ../../build/ros_tcp_endpoint/ros_tcp_endpoint.egg-info/requires.txt
[3.650s] writing top-level names to ../../build/ros_tcp_endpoint/ros_tcp_endpoint.egg-info/top_level.txt
[3.652s] reading manifest file '../../build/ros_tcp_endpoint/ros_tcp_endpoint.egg-info/SOURCES.txt'
[3.652s] adding license file 'LICENSE'
[3.653s] writing manifest file '../../build/ros_tcp_endpoint/ros_tcp_endpoint.egg-info/SOURCES.txt'
[3.654s] running build
[3.654s] running build_py
[3.654s] running install
[3.655s] running install_lib
[3.656s] running install_data
[3.657s] running install_egg_info
[3.659s] removing '/home/juli/Repos/Self-Driving-RC-Car/teleop_ws/install/ros_tcp_endpoint/lib/python3.10/site-packages/ros_tcp_endpoint-0.0.1-py3.10.egg-info' (and everything under it)
[3.659s] Copying ../../build/ros_tcp_endpoint/ros_tcp_endpoint.egg-info to /home/juli/Repos/Self-Driving-RC-Car/teleop_ws/install/ros_tcp_endpoint/lib/python3.10/site-packages/ros_tcp_endpoint-0.0.1-py3.10.egg-info
[3.660s] running install_scripts
[3.684s] Installing default_server_endpoint script to /home/juli/Repos/Self-Driving-RC-Car/teleop_ws/install/ros_tcp_endpoint/lib/ros_tcp_endpoint
[3.685s] writing list of installed files to '/home/juli/Repos/Self-Driving-RC-Car/teleop_ws/build/ros_tcp_endpoint/install.log'
[3.719s] Invoked command in '/home/juli/Repos/Self-Driving-RC-Car/teleop_ws/src/ROS-TCP-Endpoint' returned '0': PYTHONPATH=/home/juli/Repos/Self-Driving-RC-Car/teleop_ws/build/ros_tcp_endpoint/prefix_override:/usr/lib/python3/dist-packages/colcon_core/task/python/colcon_distutils_commands:/home/juli/Repos/Self-Driving-RC-Car/teleop_ws/install/ros_tcp_endpoint/lib/python3.10/site-packages:${PYTHONPATH} /usr/bin/python3 -W ignore:setup.py install is deprecated -W ignore:easy_install command is deprecated setup.py egg_info --egg-base ../../build/ros_tcp_endpoint build --build-base /home/juli/Repos/Self-Driving-RC-Car/teleop_ws/build/ros_tcp_endpoint/build install --record /home/juli/Repos/Self-Driving-RC-Car/teleop_ws/build/ros_tcp_endpoint/install.log --install-scripts $base/lib/ros_tcp_endpoint --single-version-externally-managed install_data
