[0.256s] DEBUG:colcon:Command line arguments: ['/usr/bin/colcon', 'build']
[0.256s] DEBUG:colcon:Parsed command line arguments: Namespace(log_base=None, log_level=None, verb_name='build', build_base='build', install_base='install', merge_install=False, symlink_install=False, test_result_base=None, continue_on_error=False, executor='parallel', parallel_workers=8, event_handlers=None, ignore_user_meta=False, metas=['./colcon.meta'], base_paths=['.'], packages_ignore=None, packages_ignore_regex=None, paths=None, packages_up_to=None, packages_up_to_regex=None, packages_above=None, packages_above_and_dependencies=None, packages_above_depth=None, packages_select_by_dep=None, packages_skip_by_dep=None, packages_skip_up_to=None, packages_select_build_failed=False, packages_skip_build_finished=False, packages_select_test_failures=False, packages_skip_test_passed=False, packages_select=None, packages_skip=None, packages_select_regex=None, packages_skip_regex=None, packages_start=None, packages_end=None, allow_overriding=[], cmake_args=None, cmake_target=None, cmake_target_skip_unavailable=False, cmake_clean_cache=False, cmake_clean_first=False, cmake_force_configure=False, ament_cmake_args=None, catkin_cmake_args=None, catkin_skip_building_tests=False, mixin_files=None, mixin=None, verb_parser=<colcon_mixin.mixin.mixin_argument.MixinArgumentDecorator object at 0x7be6c066ab60>, verb_extension=<colcon_core.verb.build.BuildVerb object at 0x7be6c066a6e0>, main=<bound method BuildVerb.main of <colcon_core.verb.build.BuildVerb object at 0x7be6c066a6e0>>, mixin_verb=('build',))
[0.639s] Level 1:colcon.colcon_core.package_discovery:discover_packages(colcon_meta) check parameters
[0.639s] Level 1:colcon.colcon_core.package_discovery:discover_packages(recursive) check parameters
[0.639s] Level 1:colcon.colcon_core.package_discovery:discover_packages(ignore) check parameters
[0.639s] Level 1:colcon.colcon_core.package_discovery:discover_packages(path) check parameters
[0.639s] Level 1:colcon.colcon_core.package_discovery:discover_packages(colcon_meta) discover
[0.639s] Level 1:colcon.colcon_core.package_discovery:discover_packages(recursive) discover
[0.639s] INFO:colcon.colcon_core.package_discovery:Crawling recursively for packages in '/home/juli/teleop_ws'
[0.640s] Level 1:colcon.colcon_core.package_identification:_identify(.) by extensions ['ignore', 'ignore_ament_install']
[0.640s] Level 1:colcon.colcon_core.package_identification:_identify(.) by extension 'ignore'
[0.640s] Level 1:colcon.colcon_core.package_identification:_identify(.) by extension 'ignore_ament_install'
[0.640s] Level 1:colcon.colcon_core.package_identification:_identify(.) by extensions ['colcon_pkg']
[0.640s] Level 1:colcon.colcon_core.package_identification:_identify(.) by extension 'colcon_pkg'
[0.640s] Level 1:colcon.colcon_core.package_identification:_identify(.) by extensions ['colcon_meta']
[0.640s] Level 1:colcon.colcon_core.package_identification:_identify(.) by extension 'colcon_meta'
[0.640s] Level 1:colcon.colcon_core.package_identification:_identify(.) by extensions ['ros']
[0.640s] Level 1:colcon.colcon_core.package_identification:_identify(.) by extension 'ros'
[0.664s] Level 1:colcon.colcon_core.package_identification:_identify(.) by extensions ['cmake', 'python']
[0.664s] Level 1:colcon.colcon_core.package_identification:_identify(.) by extension 'cmake'
[0.665s] Level 1:colcon.colcon_core.package_identification:_identify(.) by extension 'python'
[0.665s] Level 1:colcon.colcon_core.package_identification:_identify(.) by extensions ['python_setup_py']
[0.665s] Level 1:colcon.colcon_core.package_identification:_identify(.) by extension 'python_setup_py'
[0.665s] Level 1:colcon.colcon_core.package_identification:_identify(build) by extensions ['ignore', 'ignore_ament_install']
[0.665s] Level 1:colcon.colcon_core.package_identification:_identify(build) by extension 'ignore'
[0.665s] Level 1:colcon.colcon_core.package_identification:_identify(build) ignored
[0.665s] Level 1:colcon.colcon_core.package_identification:_identify(install) by extensions ['ignore', 'ignore_ament_install']
[0.666s] Level 1:colcon.colcon_core.package_identification:_identify(install) by extension 'ignore'
[0.666s] Level 1:colcon.colcon_core.package_identification:_identify(install) ignored
[0.666s] Level 1:colcon.colcon_core.package_identification:_identify(log) by extensions ['ignore', 'ignore_ament_install']
[0.666s] Level 1:colcon.colcon_core.package_identification:_identify(log) by extension 'ignore'
[0.666s] Level 1:colcon.colcon_core.package_identification:_identify(log) ignored
[0.666s] Level 1:colcon.colcon_core.package_identification:_identify(src) by extensions ['ignore', 'ignore_ament_install']
[0.667s] Level 1:colcon.colcon_core.package_identification:_identify(src) by extension 'ignore'
[0.667s] Level 1:colcon.colcon_core.package_identification:_identify(src) by extension 'ignore_ament_install'
[0.667s] Level 1:colcon.colcon_core.package_identification:_identify(src) by extensions ['colcon_pkg']
[0.667s] Level 1:colcon.colcon_core.package_identification:_identify(src) by extension 'colcon_pkg'
[0.667s] Level 1:colcon.colcon_core.package_identification:_identify(src) by extensions ['colcon_meta']
[0.667s] Level 1:colcon.colcon_core.package_identification:_identify(src) by extension 'colcon_meta'
[0.667s] Level 1:colcon.colcon_core.package_identification:_identify(src) by extensions ['ros']
[0.667s] Level 1:colcon.colcon_core.package_identification:_identify(src) by extension 'ros'
[0.667s] Level 1:colcon.colcon_core.package_identification:_identify(src) by extensions ['cmake', 'python']
[0.667s] Level 1:colcon.colcon_core.package_identification:_identify(src) by extension 'cmake'
[0.667s] Level 1:colcon.colcon_core.package_identification:_identify(src) by extension 'python'
[0.668s] Level 1:colcon.colcon_core.package_identification:_identify(src) by extensions ['python_setup_py']
[0.668s] Level 1:colcon.colcon_core.package_identification:_identify(src) by extension 'python_setup_py'
[0.668s] Level 1:colcon.colcon_core.package_identification:_identify(src/ROS-TCP-Endpoint) by extensions ['ignore', 'ignore_ament_install']
[0.668s] Level 1:colcon.colcon_core.package_identification:_identify(src/ROS-TCP-Endpoint) by extension 'ignore'
[0.668s] Level 1:colcon.colcon_core.package_identification:_identify(src/ROS-TCP-Endpoint) by extension 'ignore_ament_install'
[0.668s] Level 1:colcon.colcon_core.package_identification:_identify(src/ROS-TCP-Endpoint) by extensions ['colcon_pkg']
[0.668s] Level 1:colcon.colcon_core.package_identification:_identify(src/ROS-TCP-Endpoint) by extension 'colcon_pkg'
[0.668s] Level 1:colcon.colcon_core.package_identification:_identify(src/ROS-TCP-Endpoint) by extensions ['colcon_meta']
[0.668s] Level 1:colcon.colcon_core.package_identification:_identify(src/ROS-TCP-Endpoint) by extension 'colcon_meta'
[0.669s] Level 1:colcon.colcon_core.package_identification:_identify(src/ROS-TCP-Endpoint) by extensions ['ros']
[0.669s] Level 1:colcon.colcon_core.package_identification:_identify(src/ROS-TCP-Endpoint) by extension 'ros'
[0.674s] DEBUG:colcon.colcon_core.package_identification:Package 'src/ROS-TCP-Endpoint' with type 'ros.ament_python' and name 'ros_tcp_endpoint'
[0.674s] Level 1:colcon.colcon_core.package_identification:_identify(src/katana) by extensions ['ignore', 'ignore_ament_install']
[0.675s] Level 1:colcon.colcon_core.package_identification:_identify(src/katana) by extension 'ignore'
[0.675s] Level 1:colcon.colcon_core.package_identification:_identify(src/katana) by extension 'ignore_ament_install'
[0.675s] Level 1:colcon.colcon_core.package_identification:_identify(src/katana) by extensions ['colcon_pkg']
[0.675s] Level 1:colcon.colcon_core.package_identification:_identify(src/katana) by extension 'colcon_pkg'
[0.675s] Level 1:colcon.colcon_core.package_identification:_identify(src/katana) by extensions ['colcon_meta']
[0.675s] Level 1:colcon.colcon_core.package_identification:_identify(src/katana) by extension 'colcon_meta'
[0.675s] Level 1:colcon.colcon_core.package_identification:_identify(src/katana) by extensions ['ros']
[0.675s] Level 1:colcon.colcon_core.package_identification:_identify(src/katana) by extension 'ros'
[0.678s] DEBUG:colcon.colcon_core.package_identification:Package 'src/katana' with type 'ros.ament_python' and name 'katana'
[0.678s] Level 1:colcon.colcon_core.package_identification:_identify(src/kimono) by extensions ['ignore', 'ignore_ament_install']
[0.678s] Level 1:colcon.colcon_core.package_identification:_identify(src/kimono) by extension 'ignore'
[0.679s] Level 1:colcon.colcon_core.package_identification:_identify(src/kimono) by extension 'ignore_ament_install'
[0.679s] Level 1:colcon.colcon_core.package_identification:_identify(src/kimono) by extensions ['colcon_pkg']
[0.679s] Level 1:colcon.colcon_core.package_identification:_identify(src/kimono) by extension 'colcon_pkg'
[0.679s] Level 1:colcon.colcon_core.package_identification:_identify(src/kimono) by extensions ['colcon_meta']
[0.679s] Level 1:colcon.colcon_core.package_identification:_identify(src/kimono) by extension 'colcon_meta'
[0.679s] Level 1:colcon.colcon_core.package_identification:_identify(src/kimono) by extensions ['ros']
[0.679s] Level 1:colcon.colcon_core.package_identification:_identify(src/kimono) by extension 'ros'
[0.681s] DEBUG:colcon.colcon_core.package_identification:Package 'src/kimono' with type 'ros.ament_python' and name 'kimono'
[0.681s] Level 1:colcon.colcon_core.package_identification:_identify(src/kyoto) by extensions ['ignore', 'ignore_ament_install']
[0.681s] Level 1:colcon.colcon_core.package_identification:_identify(src/kyoto) by extension 'ignore'
[0.682s] Level 1:colcon.colcon_core.package_identification:_identify(src/kyoto) by extension 'ignore_ament_install'
[0.682s] Level 1:colcon.colcon_core.package_identification:_identify(src/kyoto) by extensions ['colcon_pkg']
[0.682s] Level 1:colcon.colcon_core.package_identification:_identify(src/kyoto) by extension 'colcon_pkg'
[0.682s] Level 1:colcon.colcon_core.package_identification:_identify(src/kyoto) by extensions ['colcon_meta']
[0.682s] Level 1:colcon.colcon_core.package_identification:_identify(src/kyoto) by extension 'colcon_meta'
[0.682s] Level 1:colcon.colcon_core.package_identification:_identify(src/kyoto) by extensions ['ros']
[0.682s] Level 1:colcon.colcon_core.package_identification:_identify(src/kyoto) by extension 'ros'
[0.685s] DEBUG:colcon.colcon_core.package_identification:Package 'src/kyoto' with type 'ros.ament_python' and name 'kyoto'
[0.685s] Level 1:colcon.colcon_core.package_discovery:discover_packages(recursive) using defaults
[0.685s] Level 1:colcon.colcon_core.package_discovery:discover_packages(ignore) discover
[0.685s] Level 1:colcon.colcon_core.package_discovery:discover_packages(ignore) using defaults
[0.685s] Level 1:colcon.colcon_core.package_discovery:discover_packages(path) discover
[0.685s] Level 1:colcon.colcon_core.package_discovery:discover_packages(path) using defaults
[0.750s] Level 1:colcon.colcon_core.package_discovery:discover_packages(prefix_path) check parameters
[0.750s] Level 1:colcon.colcon_core.package_discovery:discover_packages(prefix_path) discover
[0.754s] DEBUG:colcon.colcon_installed_package_information.package_discovery:Found 6 installed packages in /home/juli/katana_ws/install
[0.755s] DEBUG:colcon.colcon_installed_package_information.package_discovery:Found 2 installed packages in /home/juli/ros2_ws/install
[0.758s] DEBUG:colcon.colcon_installed_package_information.package_discovery:Found 272 installed packages in /opt/ros/humble
[0.761s] Level 1:colcon.colcon_core.package_discovery:discover_packages(prefix_path) using defaults
[0.839s] Level 5:colcon.colcon_core.verb:set package 'katana' build argument 'cmake_args' from command line to 'None'
[0.839s] Level 5:colcon.colcon_core.verb:set package 'katana' build argument 'cmake_target' from command line to 'None'
[0.840s] Level 5:colcon.colcon_core.verb:set package 'katana' build argument 'cmake_target_skip_unavailable' from command line to 'False'
[0.840s] Level 5:colcon.colcon_core.verb:set package 'katana' build argument 'cmake_clean_cache' from command line to 'False'
[0.840s] Level 5:colcon.colcon_core.verb:set package 'katana' build argument 'cmake_clean_first' from command line to 'False'
[0.840s] Level 5:colcon.colcon_core.verb:set package 'katana' build argument 'cmake_force_configure' from command line to 'False'
[0.840s] Level 5:colcon.colcon_core.verb:set package 'katana' build argument 'ament_cmake_args' from command line to 'None'
[0.840s] Level 5:colcon.colcon_core.verb:set package 'katana' build argument 'catkin_cmake_args' from command line to 'None'
[0.840s] Level 5:colcon.colcon_core.verb:set package 'katana' build argument 'catkin_skip_building_tests' from command line to 'False'
[0.840s] DEBUG:colcon.colcon_core.verb:Building package 'katana' with the following arguments: {'ament_cmake_args': None, 'build_base': '/home/juli/teleop_ws/build/katana', 'catkin_cmake_args': None, 'catkin_skip_building_tests': False, 'cmake_args': None, 'cmake_clean_cache': False, 'cmake_clean_first': False, 'cmake_force_configure': False, 'cmake_target': None, 'cmake_target_skip_unavailable': False, 'install_base': '/home/juli/teleop_ws/install/katana', 'merge_install': False, 'path': '/home/juli/teleop_ws/src/katana', 'symlink_install': False, 'test_result_base': None}
[0.841s] Level 5:colcon.colcon_core.verb:set package 'kimono' build argument 'cmake_args' from command line to 'None'
[0.841s] Level 5:colcon.colcon_core.verb:set package 'kimono' build argument 'cmake_target' from command line to 'None'
[0.841s] Level 5:colcon.colcon_core.verb:set package 'kimono' build argument 'cmake_target_skip_unavailable' from command line to 'False'
[0.841s] Level 5:colcon.colcon_core.verb:set package 'kimono' build argument 'cmake_clean_cache' from command line to 'False'
[0.841s] Level 5:colcon.colcon_core.verb:set package 'kimono' build argument 'cmake_clean_first' from command line to 'False'
[0.841s] Level 5:colcon.colcon_core.verb:set package 'kimono' build argument 'cmake_force_configure' from command line to 'False'
[0.841s] Level 5:colcon.colcon_core.verb:set package 'kimono' build argument 'ament_cmake_args' from command line to 'None'
[0.841s] Level 5:colcon.colcon_core.verb:set package 'kimono' build argument 'catkin_cmake_args' from command line to 'None'
[0.841s] Level 5:colcon.colcon_core.verb:set package 'kimono' build argument 'catkin_skip_building_tests' from command line to 'False'
[0.841s] DEBUG:colcon.colcon_core.verb:Building package 'kimono' with the following arguments: {'ament_cmake_args': None, 'build_base': '/home/juli/teleop_ws/build/kimono', 'catkin_cmake_args': None, 'catkin_skip_building_tests': False, 'cmake_args': None, 'cmake_clean_cache': False, 'cmake_clean_first': False, 'cmake_force_configure': False, 'cmake_target': None, 'cmake_target_skip_unavailable': False, 'install_base': '/home/juli/teleop_ws/install/kimono', 'merge_install': False, 'path': '/home/juli/teleop_ws/src/kimono', 'symlink_install': False, 'test_result_base': None}
[0.842s] Level 5:colcon.colcon_core.verb:set package 'kyoto' build argument 'cmake_args' from command line to 'None'
[0.842s] Level 5:colcon.colcon_core.verb:set package 'kyoto' build argument 'cmake_target' from command line to 'None'
[0.842s] Level 5:colcon.colcon_core.verb:set package 'kyoto' build argument 'cmake_target_skip_unavailable' from command line to 'False'
[0.842s] Level 5:colcon.colcon_core.verb:set package 'kyoto' build argument 'cmake_clean_cache' from command line to 'False'
[0.842s] Level 5:colcon.colcon_core.verb:set package 'kyoto' build argument 'cmake_clean_first' from command line to 'False'
[0.842s] Level 5:colcon.colcon_core.verb:set package 'kyoto' build argument 'cmake_force_configure' from command line to 'False'
[0.842s] Level 5:colcon.colcon_core.verb:set package 'kyoto' build argument 'ament_cmake_args' from command line to 'None'
[0.842s] Level 5:colcon.colcon_core.verb:set package 'kyoto' build argument 'catkin_cmake_args' from command line to 'None'
[0.842s] Level 5:colcon.colcon_core.verb:set package 'kyoto' build argument 'catkin_skip_building_tests' from command line to 'False'
[0.842s] DEBUG:colcon.colcon_core.verb:Building package 'kyoto' with the following arguments: {'ament_cmake_args': None, 'build_base': '/home/juli/teleop_ws/build/kyoto', 'catkin_cmake_args': None, 'catkin_skip_building_tests': False, 'cmake_args': None, 'cmake_clean_cache': False, 'cmake_clean_first': False, 'cmake_force_configure': False, 'cmake_target': None, 'cmake_target_skip_unavailable': False, 'install_base': '/home/juli/teleop_ws/install/kyoto', 'merge_install': False, 'path': '/home/juli/teleop_ws/src/kyoto', 'symlink_install': False, 'test_result_base': None}
[0.843s] Level 5:colcon.colcon_core.verb:set package 'ros_tcp_endpoint' build argument 'cmake_args' from command line to 'None'
[0.843s] Level 5:colcon.colcon_core.verb:set package 'ros_tcp_endpoint' build argument 'cmake_target' from command line to 'None'
[0.843s] Level 5:colcon.colcon_core.verb:set package 'ros_tcp_endpoint' build argument 'cmake_target_skip_unavailable' from command line to 'False'
[0.843s] Level 5:colcon.colcon_core.verb:set package 'ros_tcp_endpoint' build argument 'cmake_clean_cache' from command line to 'False'
[0.843s] Level 5:colcon.colcon_core.verb:set package 'ros_tcp_endpoint' build argument 'cmake_clean_first' from command line to 'False'
[0.843s] Level 5:colcon.colcon_core.verb:set package 'ros_tcp_endpoint' build argument 'cmake_force_configure' from command line to 'False'
[0.843s] Level 5:colcon.colcon_core.verb:set package 'ros_tcp_endpoint' build argument 'ament_cmake_args' from command line to 'None'
[0.843s] Level 5:colcon.colcon_core.verb:set package 'ros_tcp_endpoint' build argument 'catkin_cmake_args' from command line to 'None'
[0.844s] Level 5:colcon.colcon_core.verb:set package 'ros_tcp_endpoint' build argument 'catkin_skip_building_tests' from command line to 'False'
[0.844s] DEBUG:colcon.colcon_core.verb:Building package 'ros_tcp_endpoint' with the following arguments: {'ament_cmake_args': None, 'build_base': '/home/juli/teleop_ws/build/ros_tcp_endpoint', 'catkin_cmake_args': None, 'catkin_skip_building_tests': False, 'cmake_args': None, 'cmake_clean_cache': False, 'cmake_clean_first': False, 'cmake_force_configure': False, 'cmake_target': None, 'cmake_target_skip_unavailable': False, 'install_base': '/home/juli/teleop_ws/install/ros_tcp_endpoint', 'merge_install': False, 'path': '/home/juli/teleop_ws/src/ROS-TCP-Endpoint', 'symlink_install': False, 'test_result_base': None}
[0.844s] INFO:colcon.colcon_core.executor:Executing jobs using 'parallel' executor
[0.846s] DEBUG:colcon.colcon_parallel_executor.executor.parallel:run_until_complete
[0.847s] INFO:colcon.colcon_ros.task.ament_python.build:Building ROS package in '/home/juli/teleop_ws/src/katana' with build type 'ament_python'
[0.847s] Level 1:colcon.colcon_core.shell:create_environment_hook('katana', 'ament_prefix_path')
[0.851s] INFO:colcon.colcon_core.plugin_system:Skipping extension 'colcon_core.shell.bat': Not used on non-Windows systems
[0.851s] INFO:colcon.colcon_core.shell:Creating environment hook '/home/juli/teleop_ws/install/katana/share/katana/hook/ament_prefix_path.ps1'
[0.853s] INFO:colcon.colcon_core.shell:Creating environment descriptor '/home/juli/teleop_ws/install/katana/share/katana/hook/ament_prefix_path.dsv'
[0.854s] INFO:colcon.colcon_core.shell:Creating environment hook '/home/juli/teleop_ws/install/katana/share/katana/hook/ament_prefix_path.sh'
[0.855s] INFO:colcon.colcon_core.shell:Skip shell extension 'powershell' for command environment: Not usable outside of PowerShell
[0.855s] DEBUG:colcon.colcon_core.shell:Skip shell extension 'dsv' for command environment
[0.864s] INFO:colcon.colcon_ros.task.ament_python.build:Building ROS package in '/home/juli/teleop_ws/src/kimono' with build type 'ament_python'
[0.864s] Level 1:colcon.colcon_core.shell:create_environment_hook('kimono', 'ament_prefix_path')
[0.864s] INFO:colcon.colcon_core.shell:Creating environment hook '/home/juli/teleop_ws/install/kimono/share/kimono/hook/ament_prefix_path.ps1'
[0.866s] INFO:colcon.colcon_core.shell:Creating environment descriptor '/home/juli/teleop_ws/install/kimono/share/kimono/hook/ament_prefix_path.dsv'
[0.866s] INFO:colcon.colcon_core.shell:Creating environment hook '/home/juli/teleop_ws/install/kimono/share/kimono/hook/ament_prefix_path.sh'
[0.868s] INFO:colcon.colcon_core.shell:Skip shell extension 'powershell' for command environment: Not usable outside of PowerShell
[0.868s] DEBUG:colcon.colcon_core.shell:Skip shell extension 'dsv' for command environment
[0.876s] INFO:colcon.colcon_ros.task.ament_python.build:Building ROS package in '/home/juli/teleop_ws/src/kyoto' with build type 'ament_python'
[0.877s] Level 1:colcon.colcon_core.shell:create_environment_hook('kyoto', 'ament_prefix_path')
[0.877s] INFO:colcon.colcon_core.shell:Creating environment hook '/home/juli/teleop_ws/install/kyoto/share/kyoto/hook/ament_prefix_path.ps1'
[0.879s] INFO:colcon.colcon_core.shell:Creating environment descriptor '/home/juli/teleop_ws/install/kyoto/share/kyoto/hook/ament_prefix_path.dsv'
[0.879s] INFO:colcon.colcon_core.shell:Creating environment hook '/home/juli/teleop_ws/install/kyoto/share/kyoto/hook/ament_prefix_path.sh'
[0.881s] INFO:colcon.colcon_core.shell:Skip shell extension 'powershell' for command environment: Not usable outside of PowerShell
[0.881s] DEBUG:colcon.colcon_core.shell:Skip shell extension 'dsv' for command environment
[0.888s] INFO:colcon.colcon_ros.task.ament_python.build:Building ROS package in '/home/juli/teleop_ws/src/ROS-TCP-Endpoint' with build type 'ament_python'
[0.888s] Level 1:colcon.colcon_core.shell:create_environment_hook('ros_tcp_endpoint', 'ament_prefix_path')
[0.889s] INFO:colcon.colcon_core.shell:Creating environment hook '/home/juli/teleop_ws/install/ros_tcp_endpoint/share/ros_tcp_endpoint/hook/ament_prefix_path.ps1'
[0.890s] INFO:colcon.colcon_core.shell:Creating environment descriptor '/home/juli/teleop_ws/install/ros_tcp_endpoint/share/ros_tcp_endpoint/hook/ament_prefix_path.dsv'
[0.890s] INFO:colcon.colcon_core.shell:Creating environment hook '/home/juli/teleop_ws/install/ros_tcp_endpoint/share/ros_tcp_endpoint/hook/ament_prefix_path.sh'
[0.891s] INFO:colcon.colcon_core.shell:Skip shell extension 'powershell' for command environment: Not usable outside of PowerShell
[0.892s] DEBUG:colcon.colcon_core.shell:Skip shell extension 'dsv' for command environment
[1.502s] INFO:colcon.colcon_core.task.python.build:Building Python package in '/home/juli/teleop_ws/src/katana'
[1.502s] INFO:colcon.colcon_core.shell:Skip shell extension 'powershell' for command environment: Not usable outside of PowerShell
[1.502s] DEBUG:colcon.colcon_core.shell:Skip shell extension 'dsv' for command environment
[2.115s] INFO:colcon.colcon_core.task.python.build:Building Python package in '/home/juli/teleop_ws/src/kimono'
[2.116s] INFO:colcon.colcon_core.shell:Skip shell extension 'powershell' for command environment: Not usable outside of PowerShell
[2.116s] DEBUG:colcon.colcon_core.shell:Skip shell extension 'dsv' for command environment
[2.723s] INFO:colcon.colcon_core.task.python.build:Building Python package in '/home/juli/teleop_ws/src/kyoto'
[2.723s] INFO:colcon.colcon_core.shell:Skip shell extension 'powershell' for command environment: Not usable outside of PowerShell
[2.723s] DEBUG:colcon.colcon_core.shell:Skip shell extension 'dsv' for command environment
[3.313s] INFO:colcon.colcon_core.task.python.build:Building Python package in '/home/juli/teleop_ws/src/ROS-TCP-Endpoint'
[3.314s] INFO:colcon.colcon_core.shell:Skip shell extension 'powershell' for command environment: Not usable outside of PowerShell
[3.314s] DEBUG:colcon.colcon_core.shell:Skip shell extension 'dsv' for command environment
[3.870s] DEBUG:colcon.colcon_core.event_handler.log_command:Invoking command in '/home/juli/teleop_ws/src/katana': PYTHONPATH=/home/juli/teleop_ws/build/katana/prefix_override:/usr/lib/python3/dist-packages/colcon_core/task/python/colcon_distutils_commands:/home/juli/teleop_ws/install/katana/lib/python3.10/site-packages:${PYTHONPATH} /usr/bin/python3 -W ignore:setup.py install is deprecated -W ignore:easy_install command is deprecated setup.py egg_info --egg-base ../../build/katana build --build-base /home/juli/teleop_ws/build/katana/build install --record /home/juli/teleop_ws/build/katana/install.log --single-version-externally-managed install_data
[3.873s] DEBUG:colcon.colcon_core.event_handler.log_command:Invoking command in '/home/juli/teleop_ws/src/ROS-TCP-Endpoint': PYTHONPATH=/home/juli/teleop_ws/build/ros_tcp_endpoint/prefix_override:/usr/lib/python3/dist-packages/colcon_core/task/python/colcon_distutils_commands:/home/juli/teleop_ws/install/ros_tcp_endpoint/lib/python3.10/site-packages:${PYTHONPATH} /usr/bin/python3 -W ignore:setup.py install is deprecated -W ignore:easy_install command is deprecated setup.py egg_info --egg-base ../../build/ros_tcp_endpoint build --build-base /home/juli/teleop_ws/build/ros_tcp_endpoint/build install --record /home/juli/teleop_ws/build/ros_tcp_endpoint/install.log --install-scripts $base/lib/ros_tcp_endpoint --single-version-externally-managed install_data
[3.882s] DEBUG:colcon.colcon_core.event_handler.log_command:Invoking command in '/home/juli/teleop_ws/src/kimono': PYTHONPATH=/home/juli/teleop_ws/build/kimono/prefix_override:/usr/lib/python3/dist-packages/colcon_core/task/python/colcon_distutils_commands:/home/juli/teleop_ws/install/kimono/lib/python3.10/site-packages:${PYTHONPATH} /usr/bin/python3 -W ignore:setup.py install is deprecated -W ignore:easy_install command is deprecated setup.py egg_info --egg-base ../../build/kimono build --build-base /home/juli/teleop_ws/build/kimono/build install --record /home/juli/teleop_ws/build/kimono/install.log --single-version-externally-managed install_data
[3.883s] DEBUG:colcon.colcon_core.event_handler.log_command:Invoking command in '/home/juli/teleop_ws/src/kyoto': PYTHONPATH=/home/juli/teleop_ws/build/kyoto/prefix_override:/usr/lib/python3/dist-packages/colcon_core/task/python/colcon_distutils_commands:/home/juli/teleop_ws/install/kyoto/lib/python3.10/site-packages:${PYTHONPATH} /usr/bin/python3 -W ignore:setup.py install is deprecated -W ignore:easy_install command is deprecated setup.py egg_info --egg-base ../../build/kyoto build --build-base /home/juli/teleop_ws/build/kyoto/build install --record /home/juli/teleop_ws/build/kyoto/install.log --single-version-externally-managed install_data
[4.169s] DEBUG:colcon.colcon_core.event_handler.log_command:Invoked command in '/home/juli/teleop_ws/src/kimono' returned '0': PYTHONPATH=/home/juli/teleop_ws/build/kimono/prefix_override:/usr/lib/python3/dist-packages/colcon_core/task/python/colcon_distutils_commands:/home/juli/teleop_ws/install/kimono/lib/python3.10/site-packages:${PYTHONPATH} /usr/bin/python3 -W ignore:setup.py install is deprecated -W ignore:easy_install command is deprecated setup.py egg_info --egg-base ../../build/kimono build --build-base /home/juli/teleop_ws/build/kimono/build install --record /home/juli/teleop_ws/build/kimono/install.log --single-version-externally-managed install_data
[4.176s] Level 1:colcon.colcon_core.environment:checking '/home/juli/teleop_ws/install/kimono' for CMake module files
[4.176s] Level 1:colcon.colcon_core.environment:checking '/home/juli/teleop_ws/install/kimono' for CMake config files
[4.178s] Level 1:colcon.colcon_core.environment:checking '/home/juli/teleop_ws/install/kimono/lib'
[4.178s] Level 1:colcon.colcon_core.environment:checking '/home/juli/teleop_ws/install/kimono/bin'
[4.179s] Level 1:colcon.colcon_core.environment:checking '/home/juli/teleop_ws/install/kimono/lib/pkgconfig/kimono.pc'
[4.181s] Level 1:colcon.colcon_core.environment:checking '/home/juli/teleop_ws/install/kimono/lib/python3.10/site-packages'
[4.181s] Level 1:colcon.colcon_core.shell:create_environment_hook('kimono', 'pythonpath')
[4.181s] INFO:colcon.colcon_core.shell:Creating environment hook '/home/juli/teleop_ws/install/kimono/share/kimono/hook/pythonpath.ps1'
[4.182s] INFO:colcon.colcon_core.shell:Creating environment descriptor '/home/juli/teleop_ws/install/kimono/share/kimono/hook/pythonpath.dsv'
[4.183s] INFO:colcon.colcon_core.shell:Creating environment hook '/home/juli/teleop_ws/install/kimono/share/kimono/hook/pythonpath.sh'
[4.183s] Level 1:colcon.colcon_core.environment:checking '/home/juli/teleop_ws/install/kimono/bin'
[4.184s] Level 1:colcon.colcon_core.environment:create_environment_scripts_only(kimono)
[4.186s] INFO:colcon.colcon_core.shell:Creating package script '/home/juli/teleop_ws/install/kimono/share/kimono/package.ps1'
[4.188s] INFO:colcon.colcon_core.shell:Creating package descriptor '/home/juli/teleop_ws/install/kimono/share/kimono/package.dsv'
[4.189s] INFO:colcon.colcon_core.shell:Creating package script '/home/juli/teleop_ws/install/kimono/share/kimono/package.sh'
[4.190s] INFO:colcon.colcon_core.shell:Creating package script '/home/juli/teleop_ws/install/kimono/share/kimono/package.bash'
[4.194s] INFO:colcon.colcon_core.shell:Creating package script '/home/juli/teleop_ws/install/kimono/share/kimono/package.zsh'
[4.195s] Level 1:colcon.colcon_core.environment:create_file_with_runtime_dependencies(/home/juli/teleop_ws/install/kimono/share/colcon-core/packages/kimono)
[4.203s] Level 1:colcon.colcon_core.environment:checking '/home/juli/teleop_ws/install/katana' for CMake module files
[4.204s] DEBUG:colcon.colcon_core.event_handler.log_command:Invoked command in '/home/juli/teleop_ws/src/katana' returned '0': PYTHONPATH=/home/juli/teleop_ws/build/katana/prefix_override:/usr/lib/python3/dist-packages/colcon_core/task/python/colcon_distutils_commands:/home/juli/teleop_ws/install/katana/lib/python3.10/site-packages:${PYTHONPATH} /usr/bin/python3 -W ignore:setup.py install is deprecated -W ignore:easy_install command is deprecated setup.py egg_info --egg-base ../../build/katana build --build-base /home/juli/teleop_ws/build/katana/build install --record /home/juli/teleop_ws/build/katana/install.log --single-version-externally-managed install_data
[4.204s] Level 1:colcon.colcon_core.environment:checking '/home/juli/teleop_ws/install/katana' for CMake config files
[4.205s] Level 1:colcon.colcon_core.environment:checking '/home/juli/teleop_ws/install/katana/lib'
[4.205s] Level 1:colcon.colcon_core.environment:checking '/home/juli/teleop_ws/install/katana/bin'
[4.205s] Level 1:colcon.colcon_core.environment:checking '/home/juli/teleop_ws/install/katana/lib/pkgconfig/katana.pc'
[4.205s] Level 1:colcon.colcon_core.environment:checking '/home/juli/teleop_ws/install/katana/lib/python3.10/site-packages'
[4.205s] Level 1:colcon.colcon_core.shell:create_environment_hook('katana', 'pythonpath')
[4.206s] INFO:colcon.colcon_core.shell:Creating environment hook '/home/juli/teleop_ws/install/katana/share/katana/hook/pythonpath.ps1'
[4.206s] INFO:colcon.colcon_core.shell:Creating environment descriptor '/home/juli/teleop_ws/install/katana/share/katana/hook/pythonpath.dsv'
[4.207s] INFO:colcon.colcon_core.shell:Creating environment hook '/home/juli/teleop_ws/install/katana/share/katana/hook/pythonpath.sh'
[4.208s] Level 1:colcon.colcon_core.environment:checking '/home/juli/teleop_ws/install/katana/bin'
[4.208s] Level 1:colcon.colcon_core.environment:create_environment_scripts_only(katana)
[4.208s] INFO:colcon.colcon_core.shell:Creating package script '/home/juli/teleop_ws/install/katana/share/katana/package.ps1'
[4.209s] INFO:colcon.colcon_core.shell:Creating package descriptor '/home/juli/teleop_ws/install/katana/share/katana/package.dsv'
[4.209s] INFO:colcon.colcon_core.shell:Creating package script '/home/juli/teleop_ws/install/katana/share/katana/package.sh'
[4.210s] INFO:colcon.colcon_core.shell:Creating package script '/home/juli/teleop_ws/install/katana/share/katana/package.bash'
[4.210s] INFO:colcon.colcon_core.shell:Creating package script '/home/juli/teleop_ws/install/katana/share/katana/package.zsh'
[4.211s] Level 1:colcon.colcon_core.environment:create_file_with_runtime_dependencies(/home/juli/teleop_ws/install/katana/share/colcon-core/packages/katana)
[4.211s] Level 1:colcon.colcon_core.environment:checking '/home/juli/teleop_ws/install/ros_tcp_endpoint' for CMake module files
[4.212s] DEBUG:colcon.colcon_core.event_handler.log_command:Invoked command in '/home/juli/teleop_ws/src/ROS-TCP-Endpoint' returned '0': PYTHONPATH=/home/juli/teleop_ws/build/ros_tcp_endpoint/prefix_override:/usr/lib/python3/dist-packages/colcon_core/task/python/colcon_distutils_commands:/home/juli/teleop_ws/install/ros_tcp_endpoint/lib/python3.10/site-packages:${PYTHONPATH} /usr/bin/python3 -W ignore:setup.py install is deprecated -W ignore:easy_install command is deprecated setup.py egg_info --egg-base ../../build/ros_tcp_endpoint build --build-base /home/juli/teleop_ws/build/ros_tcp_endpoint/build install --record /home/juli/teleop_ws/build/ros_tcp_endpoint/install.log --install-scripts $base/lib/ros_tcp_endpoint --single-version-externally-managed install_data
[4.212s] Level 1:colcon.colcon_core.environment:checking '/home/juli/teleop_ws/install/ros_tcp_endpoint' for CMake config files
[4.213s] Level 1:colcon.colcon_core.environment:checking '/home/juli/teleop_ws/install/ros_tcp_endpoint/lib'
[4.213s] Level 1:colcon.colcon_core.environment:checking '/home/juli/teleop_ws/install/ros_tcp_endpoint/bin'
[4.213s] Level 1:colcon.colcon_core.environment:checking '/home/juli/teleop_ws/install/ros_tcp_endpoint/lib/pkgconfig/ros_tcp_endpoint.pc'
[4.213s] Level 1:colcon.colcon_core.environment:checking '/home/juli/teleop_ws/install/ros_tcp_endpoint/lib/python3.10/site-packages'
[4.213s] Level 1:colcon.colcon_core.shell:create_environment_hook('ros_tcp_endpoint', 'pythonpath')
[4.214s] INFO:colcon.colcon_core.shell:Creating environment hook '/home/juli/teleop_ws/install/ros_tcp_endpoint/share/ros_tcp_endpoint/hook/pythonpath.ps1'
[4.214s] INFO:colcon.colcon_core.shell:Creating environment descriptor '/home/juli/teleop_ws/install/ros_tcp_endpoint/share/ros_tcp_endpoint/hook/pythonpath.dsv'
[4.214s] INFO:colcon.colcon_core.shell:Creating environment hook '/home/juli/teleop_ws/install/ros_tcp_endpoint/share/ros_tcp_endpoint/hook/pythonpath.sh'
[4.215s] Level 1:colcon.colcon_core.environment:checking '/home/juli/teleop_ws/install/ros_tcp_endpoint/bin'
[4.215s] Level 1:colcon.colcon_core.environment:create_environment_scripts_only(ros_tcp_endpoint)
[4.215s] INFO:colcon.colcon_core.shell:Creating package script '/home/juli/teleop_ws/install/ros_tcp_endpoint/share/ros_tcp_endpoint/package.ps1'
[4.215s] INFO:colcon.colcon_core.shell:Creating package descriptor '/home/juli/teleop_ws/install/ros_tcp_endpoint/share/ros_tcp_endpoint/package.dsv'
[4.216s] INFO:colcon.colcon_core.shell:Creating package script '/home/juli/teleop_ws/install/ros_tcp_endpoint/share/ros_tcp_endpoint/package.sh'
[4.216s] INFO:colcon.colcon_core.shell:Creating package script '/home/juli/teleop_ws/install/ros_tcp_endpoint/share/ros_tcp_endpoint/package.bash'
[4.216s] INFO:colcon.colcon_core.shell:Creating package script '/home/juli/teleop_ws/install/ros_tcp_endpoint/share/ros_tcp_endpoint/package.zsh'
[4.217s] Level 1:colcon.colcon_core.environment:create_file_with_runtime_dependencies(/home/juli/teleop_ws/install/ros_tcp_endpoint/share/colcon-core/packages/ros_tcp_endpoint)
[4.217s] Level 1:colcon.colcon_core.environment:checking '/home/juli/teleop_ws/install/kyoto' for CMake module files
[4.218s] Level 1:colcon.colcon_core.environment:checking '/home/juli/teleop_ws/install/kyoto' for CMake config files
[4.218s] DEBUG:colcon.colcon_core.event_handler.log_command:Invoked command in '/home/juli/teleop_ws/src/kyoto' returned '0': PYTHONPATH=/home/juli/teleop_ws/build/kyoto/prefix_override:/usr/lib/python3/dist-packages/colcon_core/task/python/colcon_distutils_commands:/home/juli/teleop_ws/install/kyoto/lib/python3.10/site-packages:${PYTHONPATH} /usr/bin/python3 -W ignore:setup.py install is deprecated -W ignore:easy_install command is deprecated setup.py egg_info --egg-base ../../build/kyoto build --build-base /home/juli/teleop_ws/build/kyoto/build install --record /home/juli/teleop_ws/build/kyoto/install.log --single-version-externally-managed install_data
[4.219s] Level 1:colcon.colcon_core.environment:checking '/home/juli/teleop_ws/install/kyoto/lib'
[4.219s] Level 1:colcon.colcon_core.environment:checking '/home/juli/teleop_ws/install/kyoto/bin'
[4.219s] Level 1:colcon.colcon_core.environment:checking '/home/juli/teleop_ws/install/kyoto/lib/pkgconfig/kyoto.pc'
[4.219s] Level 1:colcon.colcon_core.environment:checking '/home/juli/teleop_ws/install/kyoto/lib/python3.10/site-packages'
[4.219s] Level 1:colcon.colcon_core.shell:create_environment_hook('kyoto', 'pythonpath')
[4.219s] INFO:colcon.colcon_core.shell:Creating environment hook '/home/juli/teleop_ws/install/kyoto/share/kyoto/hook/pythonpath.ps1'
[4.220s] INFO:colcon.colcon_core.shell:Creating environment descriptor '/home/juli/teleop_ws/install/kyoto/share/kyoto/hook/pythonpath.dsv'
[4.221s] INFO:colcon.colcon_core.shell:Creating environment hook '/home/juli/teleop_ws/install/kyoto/share/kyoto/hook/pythonpath.sh'
[4.221s] Level 1:colcon.colcon_core.environment:checking '/home/juli/teleop_ws/install/kyoto/bin'
[4.221s] Level 1:colcon.colcon_core.environment:create_environment_scripts_only(kyoto)
[4.222s] INFO:colcon.colcon_core.shell:Creating package script '/home/juli/teleop_ws/install/kyoto/share/kyoto/package.ps1'
[4.223s] INFO:colcon.colcon_core.shell:Creating package descriptor '/home/juli/teleop_ws/install/kyoto/share/kyoto/package.dsv'
[4.223s] INFO:colcon.colcon_core.shell:Creating package script '/home/juli/teleop_ws/install/kyoto/share/kyoto/package.sh'
[4.224s] INFO:colcon.colcon_core.shell:Creating package script '/home/juli/teleop_ws/install/kyoto/share/kyoto/package.bash'
[4.224s] INFO:colcon.colcon_core.shell:Creating package script '/home/juli/teleop_ws/install/kyoto/share/kyoto/package.zsh'
[4.225s] Level 1:colcon.colcon_core.environment:create_file_with_runtime_dependencies(/home/juli/teleop_ws/install/kyoto/share/colcon-core/packages/kyoto)
[4.225s] DEBUG:colcon.colcon_parallel_executor.executor.parallel:closing loop
[4.225s] DEBUG:colcon.colcon_parallel_executor.executor.parallel:loop closed
[4.225s] DEBUG:colcon.colcon_parallel_executor.executor.parallel:run_until_complete finished with '0'
[4.225s] DEBUG:colcon.colcon_core.event_reactor:joining thread
[4.232s] INFO:colcon.colcon_core.plugin_system:Skipping extension 'colcon_notification.desktop_notification.terminal_notifier': Not used on non-Darwin systems
[4.232s] INFO:colcon.colcon_core.plugin_system:Skipping extension 'colcon_notification.desktop_notification.win32': Not used on non-Windows systems
[4.232s] INFO:colcon.colcon_notification.desktop_notification:Sending desktop notification using 'notify2'
[4.244s] DEBUG:colcon.colcon_core.event_reactor:joined thread
[4.244s] INFO:colcon.colcon_core.shell:Creating prefix script '/home/juli/teleop_ws/install/local_setup.ps1'
[4.245s] INFO:colcon.colcon_core.shell:Creating prefix util module '/home/juli/teleop_ws/install/_local_setup_util_ps1.py'
[4.246s] INFO:colcon.colcon_core.shell:Creating prefix chain script '/home/juli/teleop_ws/install/setup.ps1'
[4.248s] INFO:colcon.colcon_core.shell:Creating prefix script '/home/juli/teleop_ws/install/local_setup.sh'
[4.248s] INFO:colcon.colcon_core.shell:Creating prefix util module '/home/juli/teleop_ws/install/_local_setup_util_sh.py'
[4.249s] INFO:colcon.colcon_core.shell:Creating prefix chain script '/home/juli/teleop_ws/install/setup.sh'
[4.250s] INFO:colcon.colcon_core.shell:Creating prefix script '/home/juli/teleop_ws/install/local_setup.bash'
[4.250s] INFO:colcon.colcon_core.shell:Creating prefix chain script '/home/juli/teleop_ws/install/setup.bash'
[4.251s] INFO:colcon.colcon_core.shell:Creating prefix script '/home/juli/teleop_ws/install/local_setup.zsh'
[4.252s] INFO:colcon.colcon_core.shell:Creating prefix chain script '/home/juli/teleop_ws/install/setup.zsh'
