running egg_info
creating ../../build/katana/katana.egg-info
writing ../../build/katana/katana.egg-info/PKG-INFO
writing dependency_links to ../../build/katana/katana.egg-info/dependency_links.txt
writing entry points to ../../build/katana/katana.egg-info/entry_points.txt
writing requirements to ../../build/katana/katana.egg-info/requires.txt
writing top-level names to ../../build/katana/katana.egg-info/top_level.txt
writing manifest file '../../build/katana/katana.egg-info/SOURCES.txt'
reading manifest file '../../build/katana/katana.egg-info/SOURCES.txt'
writing manifest file '../../build/katana/katana.egg-info/SOURCES.txt'
running build
running build_py
creating /home/juli/teleop_ws/build/katana/build
creating /home/juli/teleop_ws/build/katana/build/lib
creating /home/juli/teleop_ws/build/katana/build/lib/katana
copying katana/velocity.py -> /home/juli/teleop_ws/build/katana/build/lib/katana
copying katana/__init__.py -> /home/juli/teleop_ws/build/katana/build/lib/katana
copying katana/commands.py -> /home/juli/teleop_ws/build/katana/build/lib/katana
copying katana/motor_control_backup2.py -> /home/juli/teleop_ws/build/katana/build/lib/katana
copying katana/motor_control_workingbackup.py -> /home/juli/teleop_ws/build/katana/build/lib/katana
copying katana/gui.py -> /home/juli/teleop_ws/build/katana/build/lib/katana
copying katana/plotter.py -> /home/juli/teleop_ws/build/katana/build/lib/katana
copying katana/motor_control.py -> /home/juli/teleop_ws/build/katana/build/lib/katana
copying katana/docking.py -> /home/juli/teleop_ws/build/katana/build/lib/katana
copying katana/xbox_control.py -> /home/juli/teleop_ws/build/katana/build/lib/katana
copying katana/apriltag_detector.py -> /home/juli/teleop_ws/build/katana/build/lib/katana
copying katana/gui_backup.py -> /home/juli/teleop_ws/build/katana/build/lib/katana
copying katana/xbox_control_backup.py -> /home/juli/teleop_ws/build/katana/build/lib/katana
copying katana/return.py -> /home/juli/teleop_ws/build/katana/build/lib/katana
copying katana/gui_key_pwm.py -> /home/juli/teleop_ws/build/katana/build/lib/katana
copying katana/test.py -> /home/juli/teleop_ws/build/katana/build/lib/katana
running install
running install_lib
creating /home/juli/teleop_ws/install/katana/lib/python3.10/site-packages/katana
copying /home/juli/teleop_ws/build/katana/build/lib/katana/velocity.py -> /home/juli/teleop_ws/install/katana/lib/python3.10/site-packages/katana
copying /home/juli/teleop_ws/build/katana/build/lib/katana/__init__.py -> /home/juli/teleop_ws/install/katana/lib/python3.10/site-packages/katana
copying /home/juli/teleop_ws/build/katana/build/lib/katana/commands.py -> /home/juli/teleop_ws/install/katana/lib/python3.10/site-packages/katana
copying /home/juli/teleop_ws/build/katana/build/lib/katana/motor_control_backup2.py -> /home/juli/teleop_ws/install/katana/lib/python3.10/site-packages/katana
copying /home/juli/teleop_ws/build/katana/build/lib/katana/motor_control_workingbackup.py -> /home/juli/teleop_ws/install/katana/lib/python3.10/site-packages/katana
copying /home/juli/teleop_ws/build/katana/build/lib/katana/gui.py -> /home/juli/teleop_ws/install/katana/lib/python3.10/site-packages/katana
copying /home/juli/teleop_ws/build/katana/build/lib/katana/plotter.py -> /home/juli/teleop_ws/install/katana/lib/python3.10/site-packages/katana
copying /home/juli/teleop_ws/build/katana/build/lib/katana/motor_control.py -> /home/juli/teleop_ws/install/katana/lib/python3.10/site-packages/katana
copying /home/juli/teleop_ws/build/katana/build/lib/katana/docking.py -> /home/juli/teleop_ws/install/katana/lib/python3.10/site-packages/katana
copying /home/juli/teleop_ws/build/katana/build/lib/katana/xbox_control.py -> /home/juli/teleop_ws/install/katana/lib/python3.10/site-packages/katana
copying /home/juli/teleop_ws/build/katana/build/lib/katana/apriltag_detector.py -> /home/juli/teleop_ws/install/katana/lib/python3.10/site-packages/katana
copying /home/juli/teleop_ws/build/katana/build/lib/katana/gui_backup.py -> /home/juli/teleop_ws/install/katana/lib/python3.10/site-packages/katana
copying /home/juli/teleop_ws/build/katana/build/lib/katana/xbox_control_backup.py -> /home/juli/teleop_ws/install/katana/lib/python3.10/site-packages/katana
copying /home/juli/teleop_ws/build/katana/build/lib/katana/return.py -> /home/juli/teleop_ws/install/katana/lib/python3.10/site-packages/katana
copying /home/juli/teleop_ws/build/katana/build/lib/katana/gui_key_pwm.py -> /home/juli/teleop_ws/install/katana/lib/python3.10/site-packages/katana
copying /home/juli/teleop_ws/build/katana/build/lib/katana/test.py -> /home/juli/teleop_ws/install/katana/lib/python3.10/site-packages/katana
byte-compiling /home/juli/teleop_ws/install/katana/lib/python3.10/site-packages/katana/velocity.py to velocity.cpython-310.pyc
byte-compiling /home/juli/teleop_ws/install/katana/lib/python3.10/site-packages/katana/__init__.py to __init__.cpython-310.pyc
byte-compiling /home/juli/teleop_ws/install/katana/lib/python3.10/site-packages/katana/commands.py to commands.cpython-310.pyc
byte-compiling /home/juli/teleop_ws/install/katana/lib/python3.10/site-packages/katana/motor_control_backup2.py to motor_control_backup2.cpython-310.pyc
byte-compiling /home/juli/teleop_ws/install/katana/lib/python3.10/site-packages/katana/motor_control_workingbackup.py to motor_control_workingbackup.cpython-310.pyc
byte-compiling /home/juli/teleop_ws/install/katana/lib/python3.10/site-packages/katana/gui.py to gui.cpython-310.pyc
byte-compiling /home/juli/teleop_ws/install/katana/lib/python3.10/site-packages/katana/plotter.py to plotter.cpython-310.pyc
byte-compiling /home/juli/teleop_ws/install/katana/lib/python3.10/site-packages/katana/motor_control.py to motor_control.cpython-310.pyc
byte-compiling /home/juli/teleop_ws/install/katana/lib/python3.10/site-packages/katana/docking.py to docking.cpython-310.pyc
byte-compiling /home/juli/teleop_ws/install/katana/lib/python3.10/site-packages/katana/xbox_control.py to xbox_control.cpython-310.pyc
byte-compiling /home/juli/teleop_ws/install/katana/lib/python3.10/site-packages/katana/apriltag_detector.py to apriltag_detector.cpython-310.pyc
byte-compiling /home/juli/teleop_ws/install/katana/lib/python3.10/site-packages/katana/gui_backup.py to gui_backup.cpython-310.pyc
byte-compiling /home/juli/teleop_ws/install/katana/lib/python3.10/site-packages/katana/xbox_control_backup.py to xbox_control_backup.cpython-310.pyc
byte-compiling /home/juli/teleop_ws/install/katana/lib/python3.10/site-packages/katana/return.py to return.cpython-310.pyc
byte-compiling /home/juli/teleop_ws/install/katana/lib/python3.10/site-packages/katana/gui_key_pwm.py to gui_key_pwm.cpython-310.pyc
byte-compiling /home/juli/teleop_ws/install/katana/lib/python3.10/site-packages/katana/test.py to test.cpython-310.pyc
running install_data
creating /home/juli/teleop_ws/install/katana/share/ament_index
creating /home/juli/teleop_ws/install/katana/share/ament_index/resource_index
creating /home/juli/teleop_ws/install/katana/share/ament_index/resource_index/packages
copying resource/katana -> /home/juli/teleop_ws/install/katana/share/ament_index/resource_index/packages
copying package.xml -> /home/juli/teleop_ws/install/katana/share/katana
creating /home/juli/teleop_ws/install/katana/share/katana/launch
running install_egg_info
Copying ../../build/katana/katana.egg-info to /home/juli/teleop_ws/install/katana/lib/python3.10/site-packages/katana-0.0.0-py3.10.egg-info
running install_scripts
Installing apriltag_detector script to /home/juli/teleop_ws/install/katana/lib/katana
Installing commands script to /home/juli/teleop_ws/install/katana/lib/katana
Installing docking script to /home/juli/teleop_ws/install/katana/lib/katana
Installing gui script to /home/juli/teleop_ws/install/katana/lib/katana
Installing guikeypwm script to /home/juli/teleop_ws/install/katana/lib/katana
Installing motor_control script to /home/juli/teleop_ws/install/katana/lib/katana
Installing plotter script to /home/juli/teleop_ws/install/katana/lib/katana
Installing return script to /home/juli/teleop_ws/install/katana/lib/katana
Installing velocity script to /home/juli/teleop_ws/install/katana/lib/katana
Installing xbox_control script to /home/juli/teleop_ws/install/katana/lib/katana
writing list of installed files to '/home/juli/teleop_ws/build/katana/install.log'
