[2.551s] Invoking command in '/home/juli/teleop_ws/src/katana': PYTHONPATH=/home/juli/teleop_ws/build/katana/prefix_override:/usr/lib/python3/dist-packages/colcon_core/task/python/colcon_distutils_commands:/home/juli/teleop_ws/install/katana/lib/python3.10/site-packages:${PYTHONPATH} /usr/bin/python3 -W ignore:setup.py install is deprecated -W ignore:easy_install command is deprecated setup.py egg_info --egg-base ../../build/katana build --build-base /home/juli/teleop_ws/build/katana/build install --record /home/juli/teleop_ws/build/katana/install.log --single-version-externally-managed install_data
[3.104s] running egg_info
[3.114s] creating ../../build/katana/katana.egg-info
[3.115s] writing ../../build/katana/katana.egg-info/PKG-INFO
[3.115s] writing dependency_links to ../../build/katana/katana.egg-info/dependency_links.txt
[3.116s] writing entry points to ../../build/katana/katana.egg-info/entry_points.txt
[3.116s] writing requirements to ../../build/katana/katana.egg-info/requires.txt
[3.116s] writing top-level names to ../../build/katana/katana.egg-info/top_level.txt
[3.116s] writing manifest file '../../build/katana/katana.egg-info/SOURCES.txt'
[3.120s] reading manifest file '../../build/katana/katana.egg-info/SOURCES.txt'
[3.122s] writing manifest file '../../build/katana/katana.egg-info/SOURCES.txt'
[3.122s] running build
[3.123s] running build_py
[3.125s] creating /home/juli/teleop_ws/build/katana/build
[3.125s] creating /home/juli/teleop_ws/build/katana/build/lib
[3.126s] creating /home/juli/teleop_ws/build/katana/build/lib/katana
[3.126s] copying katana/velocity.py -> /home/juli/teleop_ws/build/katana/build/lib/katana
[3.126s] copying katana/__init__.py -> /home/juli/teleop_ws/build/katana/build/lib/katana
[3.126s] copying katana/commands.py -> /home/juli/teleop_ws/build/katana/build/lib/katana
[3.127s] copying katana/motor_control_backup2.py -> /home/juli/teleop_ws/build/katana/build/lib/katana
[3.127s] copying katana/motor_control_workingbackup.py -> /home/juli/teleop_ws/build/katana/build/lib/katana
[3.127s] copying katana/gui.py -> /home/juli/teleop_ws/build/katana/build/lib/katana
[3.127s] copying katana/plotter.py -> /home/juli/teleop_ws/build/katana/build/lib/katana
[3.128s] copying katana/motor_control.py -> /home/juli/teleop_ws/build/katana/build/lib/katana
[3.128s] copying katana/docking.py -> /home/juli/teleop_ws/build/katana/build/lib/katana
[3.128s] copying katana/xbox_control.py -> /home/juli/teleop_ws/build/katana/build/lib/katana
[3.128s] copying katana/apriltag_detector.py -> /home/juli/teleop_ws/build/katana/build/lib/katana
[3.128s] copying katana/gui_backup.py -> /home/juli/teleop_ws/build/katana/build/lib/katana
[3.129s] copying katana/xbox_control_backup.py -> /home/juli/teleop_ws/build/katana/build/lib/katana
[3.129s] copying katana/return.py -> /home/juli/teleop_ws/build/katana/build/lib/katana
[3.129s] copying katana/gui_key_pwm.py -> /home/juli/teleop_ws/build/katana/build/lib/katana
[3.129s] copying katana/test.py -> /home/juli/teleop_ws/build/katana/build/lib/katana
[3.129s] running install
[3.130s] running install_lib
[3.131s] creating /home/juli/teleop_ws/install/katana/lib/python3.10/site-packages/katana
[3.131s] copying /home/juli/teleop_ws/build/katana/build/lib/katana/velocity.py -> /home/juli/teleop_ws/install/katana/lib/python3.10/site-packages/katana
[3.131s] copying /home/juli/teleop_ws/build/katana/build/lib/katana/__init__.py -> /home/juli/teleop_ws/install/katana/lib/python3.10/site-packages/katana
[3.132s] copying /home/juli/teleop_ws/build/katana/build/lib/katana/commands.py -> /home/juli/teleop_ws/install/katana/lib/python3.10/site-packages/katana
[3.133s] copying /home/juli/teleop_ws/build/katana/build/lib/katana/motor_control_backup2.py -> /home/juli/teleop_ws/install/katana/lib/python3.10/site-packages/katana
[3.133s] copying /home/juli/teleop_ws/build/katana/build/lib/katana/motor_control_workingbackup.py -> /home/juli/teleop_ws/install/katana/lib/python3.10/site-packages/katana
[3.135s] copying /home/juli/teleop_ws/build/katana/build/lib/katana/gui.py -> /home/juli/teleop_ws/install/katana/lib/python3.10/site-packages/katana
[3.135s] copying /home/juli/teleop_ws/build/katana/build/lib/katana/plotter.py -> /home/juli/teleop_ws/install/katana/lib/python3.10/site-packages/katana
[3.135s] copying /home/juli/teleop_ws/build/katana/build/lib/katana/motor_control.py -> /home/juli/teleop_ws/install/katana/lib/python3.10/site-packages/katana
[3.136s] copying /home/juli/teleop_ws/build/katana/build/lib/katana/docking.py -> /home/juli/teleop_ws/install/katana/lib/python3.10/site-packages/katana
[3.137s] copying /home/juli/teleop_ws/build/katana/build/lib/katana/xbox_control.py -> /home/juli/teleop_ws/install/katana/lib/python3.10/site-packages/katana
[3.138s] copying /home/juli/teleop_ws/build/katana/build/lib/katana/apriltag_detector.py -> /home/juli/teleop_ws/install/katana/lib/python3.10/site-packages/katana
[3.138s] copying /home/juli/teleop_ws/build/katana/build/lib/katana/gui_backup.py -> /home/juli/teleop_ws/install/katana/lib/python3.10/site-packages/katana
[3.138s] copying /home/juli/teleop_ws/build/katana/build/lib/katana/xbox_control_backup.py -> /home/juli/teleop_ws/install/katana/lib/python3.10/site-packages/katana
[3.139s] copying /home/juli/teleop_ws/build/katana/build/lib/katana/return.py -> /home/juli/teleop_ws/install/katana/lib/python3.10/site-packages/katana
[3.139s] copying /home/juli/teleop_ws/build/katana/build/lib/katana/gui_key_pwm.py -> /home/juli/teleop_ws/install/katana/lib/python3.10/site-packages/katana
[3.140s] copying /home/juli/teleop_ws/build/katana/build/lib/katana/test.py -> /home/juli/teleop_ws/install/katana/lib/python3.10/site-packages/katana
[3.141s] byte-compiling /home/juli/teleop_ws/install/katana/lib/python3.10/site-packages/katana/velocity.py to velocity.cpython-310.pyc
[3.142s] byte-compiling /home/juli/teleop_ws/install/katana/lib/python3.10/site-packages/katana/__init__.py to __init__.cpython-310.pyc
[3.142s] byte-compiling /home/juli/teleop_ws/install/katana/lib/python3.10/site-packages/katana/commands.py to commands.cpython-310.pyc
[3.145s] byte-compiling /home/juli/teleop_ws/install/katana/lib/python3.10/site-packages/katana/motor_control_backup2.py to motor_control_backup2.cpython-310.pyc
[3.145s] byte-compiling /home/juli/teleop_ws/install/katana/lib/python3.10/site-packages/katana/motor_control_workingbackup.py to motor_control_workingbackup.cpython-310.pyc
[3.148s] byte-compiling /home/juli/teleop_ws/install/katana/lib/python3.10/site-packages/katana/gui.py to gui.cpython-310.pyc
[3.152s] byte-compiling /home/juli/teleop_ws/install/katana/lib/python3.10/site-packages/katana/plotter.py to plotter.cpython-310.pyc
[3.155s] byte-compiling /home/juli/teleop_ws/install/katana/lib/python3.10/site-packages/katana/motor_control.py to motor_control.cpython-310.pyc
[3.159s] byte-compiling /home/juli/teleop_ws/install/katana/lib/python3.10/site-packages/katana/docking.py to docking.cpython-310.pyc
[3.164s] byte-compiling /home/juli/teleop_ws/install/katana/lib/python3.10/site-packages/katana/xbox_control.py to xbox_control.cpython-310.pyc
[3.166s] byte-compiling /home/juli/teleop_ws/install/katana/lib/python3.10/site-packages/katana/apriltag_detector.py to apriltag_detector.cpython-310.pyc
[3.168s] byte-compiling /home/juli/teleop_ws/install/katana/lib/python3.10/site-packages/katana/gui_backup.py to gui_backup.cpython-310.pyc
[3.172s] byte-compiling /home/juli/teleop_ws/install/katana/lib/python3.10/site-packages/katana/xbox_control_backup.py to xbox_control_backup.cpython-310.pyc
[3.175s] byte-compiling /home/juli/teleop_ws/install/katana/lib/python3.10/site-packages/katana/return.py to return.cpython-310.pyc
[3.178s] byte-compiling /home/juli/teleop_ws/install/katana/lib/python3.10/site-packages/katana/gui_key_pwm.py to gui_key_pwm.cpython-310.pyc
[3.181s] byte-compiling /home/juli/teleop_ws/install/katana/lib/python3.10/site-packages/katana/test.py to test.cpython-310.pyc
[3.182s] running install_data
[3.183s] creating /home/juli/teleop_ws/install/katana/share/ament_index
[3.183s] creating /home/juli/teleop_ws/install/katana/share/ament_index/resource_index
[3.183s] creating /home/juli/teleop_ws/install/katana/share/ament_index/resource_index/packages
[3.183s] copying resource/katana -> /home/juli/teleop_ws/install/katana/share/ament_index/resource_index/packages
[3.183s] copying package.xml -> /home/juli/teleop_ws/install/katana/share/katana
[3.184s] creating /home/juli/teleop_ws/install/katana/share/katana/launch
[3.184s] running install_egg_info
[3.189s] Copying ../../build/katana/katana.egg-info to /home/juli/teleop_ws/install/katana/lib/python3.10/site-packages/katana-0.0.0-py3.10.egg-info
[3.190s] running install_scripts
[3.237s] Installing apriltag_detector script to /home/juli/teleop_ws/install/katana/lib/katana
[3.237s] Installing commands script to /home/juli/teleop_ws/install/katana/lib/katana
[3.237s] Installing docking script to /home/juli/teleop_ws/install/katana/lib/katana
[3.237s] Installing gui script to /home/juli/teleop_ws/install/katana/lib/katana
[3.238s] Installing guikeypwm script to /home/juli/teleop_ws/install/katana/lib/katana
[3.238s] Installing motor_control script to /home/juli/teleop_ws/install/katana/lib/katana
[3.238s] Installing plotter script to /home/juli/teleop_ws/install/katana/lib/katana
[3.238s] Installing return script to /home/juli/teleop_ws/install/katana/lib/katana
[3.238s] Installing velocity script to /home/juli/teleop_ws/install/katana/lib/katana
[3.238s] Installing xbox_control script to /home/juli/teleop_ws/install/katana/lib/katana
[3.239s] writing list of installed files to '/home/juli/teleop_ws/build/katana/install.log'
[3.312s] Invoked command in '/home/juli/teleop_ws/src/katana' returned '0': PYTHONPATH=/home/juli/teleop_ws/build/katana/prefix_override:/usr/lib/python3/dist-packages/colcon_core/task/python/colcon_distutils_commands:/home/juli/teleop_ws/install/katana/lib/python3.10/site-packages:${PYTHONPATH} /usr/bin/python3 -W ignore:setup.py install is deprecated -W ignore:easy_install command is deprecated setup.py egg_info --egg-base ../../build/katana build --build-base /home/juli/teleop_ws/build/katana/build install --record /home/juli/teleop_ws/build/katana/install.log --single-version-externally-managed install_data
