running egg_info
creating ../../build/kyoto/kyoto.egg-info
writing ../../build/kyoto/kyoto.egg-info/PKG-INFO
writing dependency_links to ../../build/kyoto/kyoto.egg-info/dependency_links.txt
writing entry points to ../../build/kyoto/kyoto.egg-info/entry_points.txt
writing requirements to ../../build/kyoto/kyoto.egg-info/requires.txt
writing top-level names to ../../build/kyoto/kyoto.egg-info/top_level.txt
writing manifest file '../../build/kyoto/kyoto.egg-info/SOURCES.txt'
reading manifest file '../../build/kyoto/kyoto.egg-info/SOURCES.txt'
writing manifest file '../../build/kyoto/kyoto.egg-info/SOURCES.txt'
running build
running build_py
creating /home/juli/teleop_ws/build/kyoto/build
creating /home/juli/teleop_ws/build/kyoto/build/lib
creating /home/juli/teleop_ws/build/kyoto/build/lib/kyoto
copying kyoto/velocity.py -> /home/juli/teleop_ws/build/kyoto/build/lib/kyoto
copying kyoto/__init__.py -> /home/juli/teleop_ws/build/kyoto/build/lib/kyoto
copying kyoto/motor_control_backup2.py -> /home/juli/teleop_ws/build/kyoto/build/lib/kyoto
copying kyoto/motor_control_workingbackup.py -> /home/juli/teleop_ws/build/kyoto/build/lib/kyoto
copying kyoto/gui.py -> /home/juli/teleop_ws/build/kyoto/build/lib/kyoto
copying kyoto/plotter.py -> /home/juli/teleop_ws/build/kyoto/build/lib/kyoto
copying kyoto/motor_control.py -> /home/juli/teleop_ws/build/kyoto/build/lib/kyoto
copying kyoto/xbox_control.py -> /home/juli/teleop_ws/build/kyoto/build/lib/kyoto
copying kyoto/apriltag_detector.py -> /home/juli/teleop_ws/build/kyoto/build/lib/kyoto
copying kyoto/gui_key_pwm.py -> /home/juli/teleop_ws/build/kyoto/build/lib/kyoto
copying kyoto/test.py -> /home/juli/teleop_ws/build/kyoto/build/lib/kyoto
running install
running install_lib
creating /home/juli/teleop_ws/install/kyoto/lib/python3.10/site-packages/kyoto
copying /home/juli/teleop_ws/build/kyoto/build/lib/kyoto/velocity.py -> /home/juli/teleop_ws/install/kyoto/lib/python3.10/site-packages/kyoto
copying /home/juli/teleop_ws/build/kyoto/build/lib/kyoto/__init__.py -> /home/juli/teleop_ws/install/kyoto/lib/python3.10/site-packages/kyoto
copying /home/juli/teleop_ws/build/kyoto/build/lib/kyoto/motor_control_backup2.py -> /home/juli/teleop_ws/install/kyoto/lib/python3.10/site-packages/kyoto
copying /home/juli/teleop_ws/build/kyoto/build/lib/kyoto/motor_control_workingbackup.py -> /home/juli/teleop_ws/install/kyoto/lib/python3.10/site-packages/kyoto
copying /home/juli/teleop_ws/build/kyoto/build/lib/kyoto/gui.py -> /home/juli/teleop_ws/install/kyoto/lib/python3.10/site-packages/kyoto
copying /home/juli/teleop_ws/build/kyoto/build/lib/kyoto/plotter.py -> /home/juli/teleop_ws/install/kyoto/lib/python3.10/site-packages/kyoto
copying /home/juli/teleop_ws/build/kyoto/build/lib/kyoto/motor_control.py -> /home/juli/teleop_ws/install/kyoto/lib/python3.10/site-packages/kyoto
copying /home/juli/teleop_ws/build/kyoto/build/lib/kyoto/xbox_control.py -> /home/juli/teleop_ws/install/kyoto/lib/python3.10/site-packages/kyoto
copying /home/juli/teleop_ws/build/kyoto/build/lib/kyoto/apriltag_detector.py -> /home/juli/teleop_ws/install/kyoto/lib/python3.10/site-packages/kyoto
copying /home/juli/teleop_ws/build/kyoto/build/lib/kyoto/gui_key_pwm.py -> /home/juli/teleop_ws/install/kyoto/lib/python3.10/site-packages/kyoto
copying /home/juli/teleop_ws/build/kyoto/build/lib/kyoto/test.py -> /home/juli/teleop_ws/install/kyoto/lib/python3.10/site-packages/kyoto
byte-compiling /home/juli/teleop_ws/install/kyoto/lib/python3.10/site-packages/kyoto/velocity.py to velocity.cpython-310.pyc
byte-compiling /home/juli/teleop_ws/install/kyoto/lib/python3.10/site-packages/kyoto/__init__.py to __init__.cpython-310.pyc
byte-compiling /home/juli/teleop_ws/install/kyoto/lib/python3.10/site-packages/kyoto/motor_control_backup2.py to motor_control_backup2.cpython-310.pyc
byte-compiling /home/juli/teleop_ws/install/kyoto/lib/python3.10/site-packages/kyoto/motor_control_workingbackup.py to motor_control_workingbackup.cpython-310.pyc
byte-compiling /home/juli/teleop_ws/install/kyoto/lib/python3.10/site-packages/kyoto/gui.py to gui.cpython-310.pyc
byte-compiling /home/juli/teleop_ws/install/kyoto/lib/python3.10/site-packages/kyoto/plotter.py to plotter.cpython-310.pyc
byte-compiling /home/juli/teleop_ws/install/kyoto/lib/python3.10/site-packages/kyoto/motor_control.py to motor_control.cpython-310.pyc
byte-compiling /home/juli/teleop_ws/install/kyoto/lib/python3.10/site-packages/kyoto/xbox_control.py to xbox_control.cpython-310.pyc
byte-compiling /home/juli/teleop_ws/install/kyoto/lib/python3.10/site-packages/kyoto/apriltag_detector.py to apriltag_detector.cpython-310.pyc
byte-compiling /home/juli/teleop_ws/install/kyoto/lib/python3.10/site-packages/kyoto/gui_key_pwm.py to gui_key_pwm.cpython-310.pyc
byte-compiling /home/juli/teleop_ws/install/kyoto/lib/python3.10/site-packages/kyoto/test.py to test.cpython-310.pyc
running install_data
creating /home/juli/teleop_ws/install/kyoto/share/ament_index
creating /home/juli/teleop_ws/install/kyoto/share/ament_index/resource_index
creating /home/juli/teleop_ws/install/kyoto/share/ament_index/resource_index/packages
copying resource/kyoto -> /home/juli/teleop_ws/install/kyoto/share/ament_index/resource_index/packages
copying package.xml -> /home/juli/teleop_ws/install/kyoto/share/kyoto
creating /home/juli/teleop_ws/install/kyoto/share/kyoto/launch
running install_egg_info
Copying ../../build/kyoto/kyoto.egg-info to /home/juli/teleop_ws/install/kyoto/lib/python3.10/site-packages/kyoto-0.0.0-py3.10.egg-info
running install_scripts
Installing apriltag_detector script to /home/juli/teleop_ws/install/kyoto/lib/kyoto
Installing gui script to /home/juli/teleop_ws/install/kyoto/lib/kyoto
Installing guikeypwm script to /home/juli/teleop_ws/install/kyoto/lib/kyoto
Installing motor_control script to /home/juli/teleop_ws/install/kyoto/lib/kyoto
Installing plotter script to /home/juli/teleop_ws/install/kyoto/lib/kyoto
Installing velocity script to /home/juli/teleop_ws/install/kyoto/lib/kyoto
Installing xbox_control script to /home/juli/teleop_ws/install/kyoto/lib/kyoto
writing list of installed files to '/home/juli/teleop_ws/build/kyoto/install.log'
