[3.417s] Invoking command in '/home/juli/Repos/Self-Driving-RC-Car/teleop_ws/src/kyoto': PYTHONPATH=/home/juli/Repos/Self-Driving-RC-Car/teleop_ws/build/kyoto/prefix_override:/usr/lib/python3/dist-packages/colcon_core/task/python/colcon_distutils_commands:/home/juli/Repos/Self-Driving-RC-Car/teleop_ws/install/kyoto/lib/python3.10/site-packages:${PYTHONPATH} /usr/bin/python3 -W ignore:setup.py install is deprecated -W ignore:easy_install command is deprecated setup.py egg_info --egg-base ../../build/kyoto build --build-base /home/juli/Repos/Self-Driving-RC-Car/teleop_ws/build/kyoto/build install --record /home/juli/Repos/Self-Driving-RC-Car/teleop_ws/build/kyoto/install.log --single-version-externally-managed install_data
[3.701s] running egg_info
[3.702s] writing ../../build/kyoto/kyoto.egg-info/PKG-INFO
[3.703s] writing dependency_links to ../../build/kyoto/kyoto.egg-info/dependency_links.txt
[3.703s] writing entry points to ../../build/kyoto/kyoto.egg-info/entry_points.txt
[3.703s] writing requirements to ../../build/kyoto/kyoto.egg-info/requires.txt
[3.703s] writing top-level names to ../../build/kyoto/kyoto.egg-info/top_level.txt
[3.706s] reading manifest file '../../build/kyoto/kyoto.egg-info/SOURCES.txt'
[3.706s] writing manifest file '../../build/kyoto/kyoto.egg-info/SOURCES.txt'
[3.707s] running build
[3.707s] running build_py
[3.707s] running install
[3.708s] running install_lib
[3.710s] running install_data
[3.710s] running install_egg_info
[3.713s] removing '/home/juli/Repos/Self-Driving-RC-Car/teleop_ws/install/kyoto/lib/python3.10/site-packages/kyoto-0.0.0-py3.10.egg-info' (and everything under it)
[3.713s] Copying ../../build/kyoto/kyoto.egg-info to /home/juli/Repos/Self-Driving-RC-Car/teleop_ws/install/kyoto/lib/python3.10/site-packages/kyoto-0.0.0-py3.10.egg-info
[3.715s] running install_scripts
[3.740s] Installing apriltag_detector script to /home/juli/Repos/Self-Driving-RC-Car/teleop_ws/install/kyoto/lib/kyoto
[3.741s] Installing gui script to /home/juli/Repos/Self-Driving-RC-Car/teleop_ws/install/kyoto/lib/kyoto
[3.741s] Installing guikeypwm script to /home/juli/Repos/Self-Driving-RC-Car/teleop_ws/install/kyoto/lib/kyoto
[3.741s] Installing motor_control script to /home/juli/Repos/Self-Driving-RC-Car/teleop_ws/install/kyoto/lib/kyoto
[3.741s] Installing plotter script to /home/juli/Repos/Self-Driving-RC-Car/teleop_ws/install/kyoto/lib/kyoto
[3.741s] Installing velocity script to /home/juli/Repos/Self-Driving-RC-Car/teleop_ws/install/kyoto/lib/kyoto
[3.741s] Installing xbox_control script to /home/juli/Repos/Self-Driving-RC-Car/teleop_ws/install/kyoto/lib/kyoto
[3.742s] writing list of installed files to '/home/juli/Repos/Self-Driving-RC-Car/teleop_ws/build/kyoto/install.log'
[3.775s] Invoked command in '/home/juli/Repos/Self-Driving-RC-Car/teleop_ws/src/kyoto' returned '0': PYTHONPATH=/home/juli/Repos/Self-Driving-RC-Car/teleop_ws/build/kyoto/prefix_override:/usr/lib/python3/dist-packages/colcon_core/task/python/colcon_distutils_commands:/home/juli/Repos/Self-Driving-RC-Car/teleop_ws/install/kyoto/lib/python3.10/site-packages:${PYTHONPATH} /usr/bin/python3 -W ignore:setup.py install is deprecated -W ignore:easy_install command is deprecated setup.py egg_info --egg-base ../../build/kyoto build --build-base /home/juli/Repos/Self-Driving-RC-Car/teleop_ws/build/kyoto/build install --record /home/juli/Repos/Self-Driving-RC-Car/teleop_ws/build/kyoto/install.log --single-version-externally-managed install_data
