[3.472s] Invoking command in '/home/juli/Repos/Self-Driving-RC-Car/teleop_ws/src/katana': PYTHONPATH=/home/juli/Repos/Self-Driving-RC-Car/teleop_ws/build/katana/prefix_override:/usr/lib/python3/dist-packages/colcon_core/task/python/colcon_distutils_commands:/home/juli/Repos/Self-Driving-RC-Car/teleop_ws/install/katana/lib/python3.10/site-packages:${PYTHONPATH} /usr/bin/python3 -W ignore:setup.py install is deprecated -W ignore:easy_install command is deprecated setup.py egg_info --egg-base ../../build/katana build --build-base /home/juli/Repos/Self-Driving-RC-Car/teleop_ws/build/katana/build install --record /home/juli/Repos/Self-Driving-RC-Car/teleop_ws/build/katana/install.log --single-version-externally-managed install_data
[3.728s] running egg_info
[3.728s] writing ../../build/katana/katana.egg-info/PKG-INFO
[3.729s] writing dependency_links to ../../build/katana/katana.egg-info/dependency_links.txt
[3.729s] writing entry points to ../../build/katana/katana.egg-info/entry_points.txt
[3.729s] writing requirements to ../../build/katana/katana.egg-info/requires.txt
[3.729s] writing top-level names to ../../build/katana/katana.egg-info/top_level.txt
[3.731s] reading manifest file '../../build/katana/katana.egg-info/SOURCES.txt'
[3.732s] writing manifest file '../../build/katana/katana.egg-info/SOURCES.txt'
[3.733s] running build
[3.733s] running build_py
[3.734s] running install
[3.734s] running install_lib
[3.737s] running install_data
[3.737s] running install_egg_info
[3.741s] removing '/home/juli/Repos/Self-Driving-RC-Car/teleop_ws/install/katana/lib/python3.10/site-packages/katana-0.0.0-py3.10.egg-info' (and everything under it)
[3.741s] Copying ../../build/katana/katana.egg-info to /home/juli/Repos/Self-Driving-RC-Car/teleop_ws/install/katana/lib/python3.10/site-packages/katana-0.0.0-py3.10.egg-info
[3.742s] running install_scripts
[3.768s] Installing apriltag_detector script to /home/juli/Repos/Self-Driving-RC-Car/teleop_ws/install/katana/lib/katana
[3.768s] Installing commands script to /home/juli/Repos/Self-Driving-RC-Car/teleop_ws/install/katana/lib/katana
[3.769s] Installing docking script to /home/juli/Repos/Self-Driving-RC-Car/teleop_ws/install/katana/lib/katana
[3.769s] Installing gui script to /home/juli/Repos/Self-Driving-RC-Car/teleop_ws/install/katana/lib/katana
[3.770s] Installing guikeypwm script to /home/juli/Repos/Self-Driving-RC-Car/teleop_ws/install/katana/lib/katana
[3.770s] Installing motor_control script to /home/juli/Repos/Self-Driving-RC-Car/teleop_ws/install/katana/lib/katana
[3.770s] Installing plotter script to /home/juli/Repos/Self-Driving-RC-Car/teleop_ws/install/katana/lib/katana
[3.770s] Installing return script to /home/juli/Repos/Self-Driving-RC-Car/teleop_ws/install/katana/lib/katana
[3.770s] Installing velocity script to /home/juli/Repos/Self-Driving-RC-Car/teleop_ws/install/katana/lib/katana
[3.770s] Installing xbox_control script to /home/juli/Repos/Self-Driving-RC-Car/teleop_ws/install/katana/lib/katana
[3.770s] writing list of installed files to '/home/juli/Repos/Self-Driving-RC-Car/teleop_ws/build/katana/install.log'
[3.800s] Invoked command in '/home/juli/Repos/Self-Driving-RC-Car/teleop_ws/src/katana' returned '0': PYTHONPATH=/home/juli/Repos/Self-Driving-RC-Car/teleop_ws/build/katana/prefix_override:/usr/lib/python3/dist-packages/colcon_core/task/python/colcon_distutils_commands:/home/juli/Repos/Self-Driving-RC-Car/teleop_ws/install/katana/lib/python3.10/site-packages:${PYTHONPATH} /usr/bin/python3 -W ignore:setup.py install is deprecated -W ignore:easy_install command is deprecated setup.py egg_info --egg-base ../../build/katana build --build-base /home/juli/Repos/Self-Driving-RC-Car/teleop_ws/build/katana/build install --record /home/juli/Repos/Self-Driving-RC-Car/teleop_ws/build/katana/install.log --single-version-externally-managed install_data
